--- Pi 5 LoRa Receiver Operational (RSSI Enabled) ---
[15:22:59] Message: Pi5 LoRa Message #1103    | Signal: No Data dBm
[15:23:04] Message: Pi5 LoRa Message #1104    | Signal: No Data dBm
[15:23:09] Message: Pi5 LoRa Message #1105    | Signal: No Data dBm
[15:23:15] Message: Pi5 LoRa Message #1106    | Signal: No Data dBm
[15:23:20] Message: Pi5 LoRa Message #1107    | Signal: -10 dBm
[15:23:26] Message: Pi5 LoRa Message #1108    | Signal: No Data dBm
[15:23:31] Message: Pi5 LoRa Message #1109    | Signal: No Data dBm
[15:23:36] Message: Pi5 LoRa Message #1110    | Signal: No Data dBm
[15:23:42] Message: Pi5 LoRa Message #1111    | Signal: No Data dBm
[15:23:47] Message: Pi5 LoRa Message #1112    | Signal: No Data dBm
[15:23:53] Message: Pi5 LoRa Message #1113    | Signal: No Data dBm
[15:23:58] Message: Pi5 LoRa Message #1114    | Signal: No Data dBm
[15:24:03] Message: Pi5 LoRa Message #1115    | Signal: No Data dBm
[15:24:09] Message: Pi5 LoRa Message #1116    | Signal: No Data dBm
[15:24:14] Message: Pi5 LoRa Message #1117    | Signal: No Data dBm
[15:24:19] Message: Pi5 LoRa Message #1118    | Signal: No Data dBm
[15:24:25] Message: Pi5 LoRa Message #1119    | Signal: No Data dBm
[15:24:30] Message: Pi5 LoRa Message #1120    | Signal: -28 dBm
[15:24:36] Message: Pi5 LoRa Message #1121    | Signal: No Data dBm
[15:24:41] Message: Pi5 LoRa Message #1122    | Signal: No Data dBm
[15:24:46] Message: Pi5 LoRa Message #1123    | Signal: No Data dBm
[15:24:52] Message: Pi5 LoRa Message #1124    | Signal: No Data dBm
[15:24:57] Message: Pi5 LoRa Message #1125    | Signal: No Data dBm
[15:25:03] Message: Pi5 LoRa Message #1126    | Signal: No Data dBm
[15:25:08] Message: Pi5 LoRa Message #1127    | Signal: No Data dBm
[15:25:13] Message: Pi5 LoRa Message #1128    | Signal: No Data dBm
Decoding error: 506935204C6F5261204D6573736167652023313132380D0A | RSSI: No Data dBm
[15:25:19] Message: Pi5 LoRa Message #1129    | Signal: No Data dBm
Decoding error: 506935204C6F5261204D6573736167652023313132390D0A | RSSI: No Data dBm
[15:25:24] Message: Pi5 LoRa Message #1130    | Signal: -28 dBm
Decoding error: 506935204C6F5261204D6573736167652023313133300D0A | RSSI: -28 dBm
[15:25:29] Message: Pi5 LoRa Message #1131    | Signal: No Data dBm
[15:25:35] Message: Pi5 LoRa Message #1132    | Signal: No Data dBm
[15:25:40] Message: Pi5 LoRa Message #1133    | Signal: No Data dBm
[15:25:46] Message: Pi5 LoRa Message #1134    | Signal: No Data dBm
[15:25:51] Message: Pi5 LoRa Message #1135    | Signal: No Data dBm
Decoding error: 506935204C6F5261204D6573736167652023313133350D0A | RSSI: No Data dBm
[15:26:01] Message: Pi5 LoRa Message #1136    | Signal: No Data dBm
[15:26:02] Message: Pi5 LoRa Message #1137    | Signal: -28 dBm
[15:26:07] Message: Pi5 LoRa Message #1138    | Signal: No Data dBm
[15:26:13] Message: Pi5 LoRa Message #1139    | Signal: -2 dBm
Decoding error: 506935204C6F5261204D6573736167652023313133390D0A | RSSI: -2 dBm
[15:26:18] Message: Pi5 LoRa Message #1140    | Signal: -2 dBm
Decoding error: 506935204C6F5261204D6573736167652023313134300D0A | RSSI: -2 dBm
[15:26:23] Message: Pi5 LoRa Message #1141    | Signal: -2 dBm
[15:26:29] Message: Pi5 LoRa Message #1142    | Signal: -1 dBm
Decoding error: 506935204C6F5261204D6573736167652023313134320D0A | RSSI: -1 dBm
[15:26:34] Message: Pi5 LoRa Message #1143    | Signal: No Data dBm
[15:26:39] Message: Pi5 LoRa Message #1144    | Signal: No Data dBm
[15:26:45] Message: Pi5 LoRa Message #1145    | Signal: No Data dBm
[15:26:50] Message: Pi5 LoRa Message #1146    | Signal: No Data dBm
Decoding error: 506935204C6F5261204D6573736167652023313134360D0A | RSSI: No Data dBm
[15:26:56] Message: Pi5 LoRa Message #1147    | Signal: No Data dBm
[15:27:01] Message: Pi5 LoRa Message #1148    | Signal: -5 dBm
[15:27:06] Message: Pi5 LoRa Message #1149    | Signal: -12 dBm
[15:27:12] Message: Pi5 LoRa Message #1150    | Signal: -9 dBm
[15:27:17] Message: Pi5 LoRa Message #1151    | Signal: -20 dBm
[15:27:23] Message: Pi5 LoRa Message #1152    | Signal: -42 dBm
[15:27:28] Message: Pi5 LoRa Message #1153    | Signal: -28 dBm
Decoding error: 506935204C6F5261204D6573736167652023313135330D0A | RSSI: -28 dBm
[15:27:33] Message: Pi5 LoRa Message #1154    | Signal: -32 dBm
[15:27:39] Message: Pi5 LoRa Message #1155    | Signal: -37 dBm
[15:27:44] Message: Pi5 LoRa Message #1156    | Signal: -30 dBm
Decoding error: 506935204C6F5261204D6573736167652023313135360D0A | RSSI: -30 dBm
[15:27:49] Message: Pi5 LoRa Message #1157    | Signal: -29 dBm
[15:27:55] Message: Pi5 LoRa Message #1158    | Signal: -31 dBm
[15:28:00] Message: Pi5 LoRa Message #1159    | Signal: -51 dBm
[15:28:06] Message: Pi5 LoRa Message #1160    | Signal: -54 dBm
[15:28:11] Message: Pi5 LoRa Message #1161    | Signal: -54 dBm
[15:28:16] Message: Pi5 LoRa Message #1162    | Signal: -57 dBm
[15:28:22] Message: Pi5 LoRa Message #1163    | Signal: -53 dBm
Decoding error: 506935204C6F5261204D6573736167652023313136330D0A | RSSI: -53 dBm
[15:28:27] Message: Pi5 LoRa Message #1164    | Signal: -57 dBm
[15:28:33] Message: Pi5 LoRa Message #1165    | Signal: -69 dBm
[15:28:38] Message: Pi5 LoRa Message #1166    | Signal: -68 dBm
[15:28:43] Message: Pi5 LoRa Message #1167    | Signal: -69 dBm
[15:28:49] Message: Pi5 LoRa Message #1168    | Signal: -72 dBm
[15:28:54] Message: Pi5 LoRa Message #1169    | Signal: -72 dBm
[15:28:59] Message: Pi5 LoRa Message #1170    | Signal: -71 dBm
[15:29:10] Message: Pi5 LoRa Message #1172    | Signal: -71 dBm
[15:29:16] Message: Pi5 LoRa Message #1173    | Signal: -71 dBm
[15:29:21] Message: Pi5 LoRa Message #1174    | Signal: -72 dBm
[15:29:26] Message: Pi5 LoRa Message #1175    | Signal: -71 dBm
[15:29:32] Message: Pi5 LoRa Message #1176    | Signal: -72 dBm
[15:29:37] Message: Pi5 LoRa Message #1177    | Signal: -72 dBm
Decoding error: 506935204C6F5261204D6573736167652023313137370D0A | RSSI: -72 dBm
[15:29:43] Message: Pi5 LoRa Message #1178    | Signal: -71 dBm
[15:29:48] Message: Pi5 LoRa Message #1179    | Signal: -71 dBm
[15:29:53] Message: Pi5 LoRa Message #1180    | Signal: -71 dBm
[15:29:59] Message: Pi5 LoRa Message #1181    | Signal: -71 dBm
[15:30:04] Message: Pi5 LoRa Message #1182    | Signal: -72 dBm
Decoding error: 506935204C6F5261204D6573736167652023313138320D0A | RSSI: -72 dBm
[15:30:09] Message: Pi5 LoRa Message #1183    | Signal: -71 dBm
[15:30:15] Message: Pi5 LoRa Message #1184    | Signal: -71 dBm
[15:33:23] Message: Pi5 LoRa Message #1219    | Signal: -72 dBm
[15:33:56] Message: Pi5 LoRa Message #1225    | Signal: -71 dBm
[15:34:01] Message: Pi5 LoRa Message #1226    | Signal: -72 dBm
[15:34:06] Message: Pi5 LoRa Message          | Signal: -221 dBm
[15:34:07] Message: 1227                      | Signal: -71 dBm
[15:34:12] Message: Pi5 LoRa Message #1228    | Signal: -71 dBm
[15:34:17] Message: Pi5 LoRa Message #1229    | Signal: -71 dBm
[15:34:22] Message: Pi5 LoRa Message #1230    | Signal: -72 dBm
[15:34:44] Message: Pi5 LoRa Message #1234    | Signal: -72 dBm
Decoding error: 506935204C6F5261204D6573736167652023313233340D0A | RSSI: -72 dBm
[15:34:49] Message: Pi5 LoRa Message #1235    | Signal: -71 dBm
[15:34:55] Message: Pi5 LoRa Message #1236    | Signal: -71 dBm
Decoding error: 506935204C6F5261204D6573736167652023313233360D0A | RSSI: -71 dBm
[15:35:00] Message: Pi5 LoRa Message #1237    | Signal: -71 dBm
[15:35:06] Message: Pi5 LoRa Message #1238    | Signal: -71 dBm
[15:35:11] Message: Pi5 LoRa Message #1239    | Signal: -71 dBm
[15:35:16] Message: Pi5 LoRa Message #1240    | Signal: -71 dBm
[15:35:27] Message: Pi5 LoRa Message #1242    | Signal: -72 dBm
[15:35:32] Message: Pi5 LoRa Message #1243    | Signal: -70 dBm
[15:35:43] Message: Pi5 LoRa Message #1245    | Signal: -72 dBm
[15:35:49] Message: Pi5 LoRa Message #1246    | Signal: -72 dBm
[15:35:59] Message: Pi5 LoRa Message #1248    | Signal: -71 dBm
[15:36:10] Message: Pi5 LoRa Message #1250    | Signal: -71 dBm
[15:36:16] Message: Pi5 LoRa Message #1251    | Signal: -71 dBm
[15:36:21] Message: Pi5 LoRa Message #1252    | Signal: -71 dBm
[15:36:26] Message: Pi5 LoRa Message #1253    | Signal: -71 dBm
[15:36:37] Message: Pi5 LoRa Message #1255    | Signal: -71 dBm